<?xml version="1.0" encoding="UTF-8"?>
<!-- Generated by org.testng.reporters.JUnitReportReporter -->
<testsuite hostname="Sakthi" failures="0" tests="1" name="testRunner.Runner" time="21.171" errors="0" timestamp="2024-03-13T22:12:44 IST" skipped="0">
  <testcase classname="testRunner.Runner" name="runScenario" time="21.171"/>
</testsuite> <!-- testRunner.Runner -->
